[0;32m[INFO][0m    17:11:22 — Log file: /home/rain/Downloads/Ravager v1.3/ravager-v1.3/logs/build-20260418-171122.log
[0;35m
    ██████╗  █████╗ ██╗   ██╗ █████╗  ██████╗ ███████╗██████╗
    ██╔══██╗██╔══██╗██║   ██║██╔══██╗██╔════╝ ██╔════╝██╔══██╗
    ██████╔╝███████║██║   ██║███████║██║  ███╗█████╗  ██████╔╝
    ██╔══██╗██╔══██║╚██╗ ██╔╝██╔══██║██║   ██║██╔══╝  ██╔══██╗
    ██║  ██║██║  ██║ ╚████╔╝ ██║  ██║╚██████╔╝███████╗██║  ██║
    ╚═╝  ╚═╝╚═╝  ╚═╝  ╚═══╝  ╚═╝  ╚═╝ ╚═════╝ ╚══════╝╚═╝  ╚═╝
[0;36m    Kernel v1.3 — Dell Latitude 3120 — Jasper Lake Tremont[0m
[1;37m    6.9.0-AnarchyRavager-v1.3[0m
[1;33m    Rain's Computer Resurrection — Loris, SC[0m

[0;32m[INFO][0m    17:11:22 — Disk space: 83GB available (25GB required)
[0;32m[INFO][0m    17:11:22 — Internet connectivity: OK

[0;35m══════════════════════════════════════════════════════════════[0m
[0;35m  PHASE: PHASE 1: Installing Build Dependencies[0m
[0;35m══════════════════════════════════════════════════════════════[0m

[0;32m[INFO][0m    17:11:22 — Updating package lists...
Error: GDBus.Error:org.freedesktop.systemd1.UnitMasked: Unit packagekit.service is masked.
Updating KDE neon pins... Done
W: Failed to fetch https://deb.nodesource.com/node_22.x/dists/nodistro/InRelease  Cannot initiate the connection to deb.nodesource.com:443 (2606:4700:10::6814:2dbe). - connect (101: Network is unreachable) Cannot initiate the connection to deb.nodesource.com:443 (2606:4700:10::ac42:96a9). - connect (101: Network is unreachable) Could not connect to deb.nodesource.com:443 (104.20.45.190), connection timed out Could not connect to deb.nodesource.com:443 (172.66.150.169), connection timed out
W: Some index files failed to download. They have been ignored, or old ones used instead.
[0;32m[INFO][0m    17:12:02 — Installing 19 packages...
Starting pkgProblemResolver with broken count: 0
Starting 2 pkgProblemResolver with broken count: 0
Done
Set cache size limit to 10.0 GB
[0;32m[INFO][0m    17:12:04 — ccache enabled (max 10GB)
[0;32m[INFO][0m    17:12:04 — GCC version: gcc (Ubuntu 13.3.0-6ubuntu2~24.04.1) 13.3.0
[0;32m[INFO][0m    17:12:04 — Make version: GNU Make 4.3
[0;32m[SUCCESS][0m 17:12:04 — Phase 1 complete — all dependencies installed

[0;35m══════════════════════════════════════════════════════════════[0m
[0;35m  PHASE: PHASE 2: Preparing Linux 6.9.0 Source[0m
[0;35m══════════════════════════════════════════════════════════════[0m

[0;32m[INFO][0m    17:12:04 — Source directory found: /home/rain/Downloads/Ravager v1.3/ravager-v1.3/build/linux-6.9.0
[0;32m[SUCCESS][0m 17:12:04 — Phase 2 complete — Ready for Jasper Lake patches

[0;35m══════════════════════════════════════════════════════════════[0m
[0;35m  PHASE: PHASE 3: Applying Ravager Patches[0m
[0;35m══════════════════════════════════════════════════════════════[0m

[0;32m[INFO][0m    17:12:04 — Setting EXTRAVERSION = -AnarchyRavager-v1.3 (sed failsafe)...
[0;32m[SUCCESS][0m 17:12:04 — EXTRAVERSION verified in Makefile
./scripts/build-ravager.sh: line 258: KBUILD_BUILD_USER: readonly variable
[0;31m[ERROR][0m   17:12:04 — Build failed with exit code 1
[0;31m[ERROR][0m   17:12:04 — Check log: /home/rain/Downloads/Ravager v1.3/ravager-v1.3/logs/build-20260418-171122.log
[0;31m[ERROR][0m   17:12:04 — Last 20 lines of build output:
[0;32m[INFO][0m    17:12:04 — Make version: GNU Make 4.3
[0;32m[SUCCESS][0m 17:12:04 — Phase 1 complete — all dependencies installed

[0;35m══════════════════════════════════════════════════════════════[0m
[0;35m  PHASE: PHASE 2: Preparing Linux 6.9.0 Source[0m
[0;35m══════════════════════════════════════════════════════════════[0m

[0;32m[INFO][0m    17:12:04 — Source directory found: /home/rain/Downloads/Ravager v1.3/ravager-v1.3/build/linux-6.9.0
[0;32m[SUCCESS][0m 17:12:04 — Phase 2 complete — Ready for Jasper Lake patches

[0;35m══════════════════════════════════════════════════════════════[0m
[0;35m  PHASE: PHASE 3: Applying Ravager Patches[0m
[0;35m══════════════════════════════════════════════════════════════[0m

[0;32m[INFO][0m    17:12:04 — Setting EXTRAVERSION = -AnarchyRavager-v1.3 (sed failsafe)...
[0;32m[SUCCESS][0m 17:12:04 — EXTRAVERSION verified in Makefile
./scripts/build-ravager.sh: line 258: KBUILD_BUILD_USER: readonly variable
[0;31m[ERROR][0m   17:12:04 — Build failed with exit code 1
[0;31m[ERROR][0m   17:12:04 — Check log: /home/rain/Downloads/Ravager v1.3/ravager-v1.3/logs/build-20260418-171122.log
[0;31m[ERROR][0m   17:12:04 — Last 20 lines of build output:
