[0;32m[INFO][0m    17:14:21 — Log file: /home/rain/Downloads/Ravager v1.3/ravager-v1.3/logs/build-20260418-171421.log
[0;35m
    ██████╗  █████╗ ██╗   ██╗ █████╗  ██████╗ ███████╗██████╗
    ██╔══██╗██╔══██╗██║   ██║██╔══██╗██╔════╝ ██╔════╝██╔══██╗
    ██████╔╝███████║██║   ██║███████║██║  ███╗█████╗  ██████╔╝
    ██╔══██╗██╔══██║╚██╗ ██╔╝██╔══██║██║   ██║██╔══╝  ██╔══██╗
    ██║  ██║██║  ██║ ╚████╔╝ ██║  ██║╚██████╔╝███████╗██║  ██║
    ╚═╝  ╚═╝╚═╝  ╚═╝  ╚═══╝  ╚═╝  ╚═╝ ╚═════╝ ╚══════╝╚═╝  ╚═╝
[0;36m    Kernel v1.3 — Dell Latitude 3120 — Jasper Lake Tremont[0m
[1;37m    6.9.0-AnarchyRavager-v1.3[0m
[1;33m    Rain's Computer Resurrection — Loris, SC[0m

[0;32m[INFO][0m    17:14:21 — Disk space: 83GB available (25GB required)
[0;32m[INFO][0m    17:14:22 — Internet connectivity: OK

[0;35m══════════════════════════════════════════════════════════════[0m
[0;35m  PHASE: PHASE 1: Installing Build Dependencies[0m
[0;35m══════════════════════════════════════════════════════════════[0m

[0;32m[INFO][0m    17:14:22 — Updating package lists...
Error: GDBus.Error:org.freedesktop.systemd1.UnitMasked: Unit packagekit.service is masked.
Updating KDE neon pins... Done
[0;32m[INFO][0m    17:14:24 — Installing 19 packages...
Starting pkgProblemResolver with broken count: 0
Starting 2 pkgProblemResolver with broken count: 0
Done
Set cache size limit to 10.0 GB
[0;32m[INFO][0m    17:14:26 — ccache enabled (max 10GB)
[0;32m[INFO][0m    17:14:26 — GCC version: gcc (Ubuntu 13.3.0-6ubuntu2~24.04.1) 13.3.0
[0;32m[INFO][0m    17:14:26 — Make version: GNU Make 4.3
[0;32m[SUCCESS][0m 17:14:26 — Phase 1 complete — all dependencies installed

[0;35m══════════════════════════════════════════════════════════════[0m
[0;35m  PHASE: PHASE 2: Preparing Linux 6.9.0 Source[0m
[0;35m══════════════════════════════════════════════════════════════[0m

[0;32m[INFO][0m    17:14:26 — Source directory found: /home/rain/Downloads/Ravager v1.3/ravager-v1.3/build/linux-6.9.0
[0;32m[SUCCESS][0m 17:14:26 — Phase 2 complete — Ready for Jasper Lake patches

[0;35m══════════════════════════════════════════════════════════════[0m
[0;35m  PHASE: PHASE 3: Applying Ravager Patches[0m
[0;35m══════════════════════════════════════════════════════════════[0m

[0;32m[INFO][0m    17:14:26 — Setting EXTRAVERSION = -AnarchyRavager-v1.3 (sed failsafe)...
[0;32m[SUCCESS][0m 17:14:26 — EXTRAVERSION verified in Makefile
[0;32m[INFO][0m    17:14:26 — Applying patch: 0001-ravager-extraversion.patch...
[1;33m[WARN][0m    17:14:26 — Patch already applied or conflicts: 0001-ravager-extraversion.patch — skipping
[0;32m[INFO][0m    17:14:26 — Applying patch: 0002-ravager-boot-branding.patch...
patching file init/version-timestamp.c
Hunk #1 succeeded at 7 with fuzz 2 (offset -11 lines).
[0;32m[SUCCESS][0m 17:14:26 — Applied: 0002-ravager-boot-branding.patch
[0;32m[INFO][0m    17:14:26 — Applying patch: 0003-jasper-lake-i915-psr-fbc.patch...
[1;33m[WARN][0m    17:14:26 — Patch already applied or conflicts: 0003-jasper-lake-i915-psr-fbc.patch — skipping
[0;32m[INFO][0m    17:14:26 — Applying patch: 0004-bfq-udev-nvme-rules.patch...
patching file Documentation/ravager/60-ravager-iosched.rules
[0;32m[SUCCESS][0m 17:14:26 — Applied: 0004-bfq-udev-nvme-rules.patch
[0;32m[INFO][0m    17:14:26 — Applied 2 patches
[0;32m[INFO][0m    17:14:26 — Kernel version after patching: unknown-AnarchyRavager-v1.3
[0;32m[SUCCESS][0m 17:14:26 — Phase 3 complete — all patches applied

[0;35m══════════════════════════════════════════════════════════════[0m
[0;35m  PHASE: PHASE 4: Loading Ravager Defconfig[0m
[0;35m══════════════════════════════════════════════════════════════[0m

[0;32m[INFO][0m    17:14:26 — Copied ravager_v1.3_defconfig to arch/x86/configs/
[0;32m[INFO][0m    17:14:26 — Loading defconfig...
Makefile:201: *** source directory cannot contain spaces or colons.  Stop.
[0;31m[ERROR][0m   17:14:26 — Build failed with exit code 2
[0;31m[ERROR][0m   17:14:26 — Check log: /home/rain/Downloads/Ravager v1.3/ravager-v1.3/logs/build-20260418-171421.log
[0;31m[ERROR][0m   17:14:26 — Last 20 lines of build output:
[0;32m[SUCCESS][0m 17:14:26 — Applied: 0002-ravager-boot-branding.patch
[0;32m[INFO][0m    17:14:26 — Applying patch: 0003-jasper-lake-i915-psr-fbc.patch...
[1;33m[WARN][0m    17:14:26 — Patch already applied or conflicts: 0003-jasper-lake-i915-psr-fbc.patch — skipping
[0;32m[INFO][0m    17:14:26 — Applying patch: 0004-bfq-udev-nvme-rules.patch...
patching file Documentation/ravager/60-ravager-iosched.rules
[0;32m[SUCCESS][0m 17:14:26 — Applied: 0004-bfq-udev-nvme-rules.patch
[0;32m[INFO][0m    17:14:26 — Applied 2 patches
[0;32m[INFO][0m    17:14:26 — Kernel version after patching: unknown-AnarchyRavager-v1.3
[0;32m[SUCCESS][0m 17:14:26 — Phase 3 complete — all patches applied

[0;35m══════════════════════════════════════════════════════════════[0m
[0;35m  PHASE: PHASE 4: Loading Ravager Defconfig[0m
[0;35m══════════════════════════════════════════════════════════════[0m

[0;32m[INFO][0m    17:14:26 — Copied ravager_v1.3_defconfig to arch/x86/configs/
[0;32m[INFO][0m    17:14:26 — Loading defconfig...
Makefile:201: *** source directory cannot contain spaces or colons.  Stop.
[0;31m[ERROR][0m   17:14:26 — Build failed with exit code 2
[0;31m[ERROR][0m   17:14:26 — Check log: /home/rain/Downloads/Ravager v1.3/ravager-v1.3/logs/build-20260418-171421.log
[0;31m[ERROR][0m   17:14:26 — Last 20 lines of build output:
