[0;32m[INFO][0m    16:52:59 — Log file: /home/rain/Downloads/Ravager v1.3/ravager-v1.3/logs/build-20260418-165259.log
[0;35m
    ██████╗  █████╗ ██╗   ██╗ █████╗  ██████╗ ███████╗██████╗
    ██╔══██╗██╔══██╗██║   ██║██╔══██╗██╔════╝ ██╔════╝██╔══██╗
    ██████╔╝███████║██║   ██║███████║██║  ███╗█████╗  ██████╔╝
    ██╔══██╗██╔══██║╚██╗ ██╔╝██╔══██║██║   ██║██╔══╝  ██╔══██╗
    ██║  ██║██║  ██║ ╚████╔╝ ██║  ██║╚██████╔╝███████╗██║  ██║
    ╚═╝  ╚═╝╚═╝  ╚═╝  ╚═══╝  ╚═╝  ╚═╝ ╚═════╝ ╚══════╝╚═╝  ╚═╝
[0;36m    Kernel v1.3 — Dell Latitude 3120 — Jasper Lake Tremont[0m
[1;37m    6.9.0-AnarchyRavager-v1.3[0m
[1;33m    Rain's Computer Resurrection — Loris, SC[0m

[0;32m[INFO][0m    16:52:59 — Disk space: 83GB available (25GB required)
[0;32m[INFO][0m    16:52:59 — Internet connectivity: OK

[0;35m══════════════════════════════════════════════════════════════[0m
[0;35m  PHASE: PHASE 1: Installing Build Dependencies[0m
[0;35m══════════════════════════════════════════════════════════════[0m

[0;32m[INFO][0m    16:52:59 — Updating package lists...
Error: GDBus.Error:org.freedesktop.systemd1.UnitMasked: Unit packagekit.service is masked.
Updating KDE neon pins... Done
[0;32m[INFO][0m    16:53:02 — Installing 19 packages...
Starting pkgProblemResolver with broken count: 0
Starting 2 pkgProblemResolver with broken count: 0
Done
Set cache size limit to 10.0 GB
[0;32m[INFO][0m    16:53:04 — ccache enabled (max 10GB)
[0;32m[INFO][0m    16:53:04 — GCC version: gcc (Ubuntu 13.3.0-6ubuntu2~24.04.1) 13.3.0
[0;32m[INFO][0m    16:53:04 — Make version: GNU Make 4.3
[0;32m[SUCCESS][0m 16:53:04 — Phase 1 complete — all dependencies installed

[0;35m══════════════════════════════════════════════════════════════[0m
[0;35m  PHASE: PHASE 2: Preparing Linux 6.9.0 Source[0m
[0;35m══════════════════════════════════════════════════════════════[0m

[0;32m[INFO][0m    16:53:04 — Extracting linux-6.9.0.tar.xz...
tar: This does not look like a tar archive
xz: (stdin): File format not recognized
tar: Child returned status 1
tar: Error is not recoverable: exiting now
[0;31m[ERROR][0m   16:53:04 — Extraction failed - check if file exists
[0;31m[ERROR][0m   16:53:04 — Build failed with exit code 1
[0;31m[ERROR][0m   16:53:04 — Check log: /home/rain/Downloads/Ravager v1.3/ravager-v1.3/logs/build-20260418-165259.log
[0;31m[ERROR][0m   16:53:04 — Last 20 lines of build output:
Done
Set cache size limit to 10.0 GB
[0;32m[INFO][0m    16:53:04 — ccache enabled (max 10GB)
[0;32m[INFO][0m    16:53:04 — GCC version: gcc (Ubuntu 13.3.0-6ubuntu2~24.04.1) 13.3.0
[0;32m[INFO][0m    16:53:04 — Make version: GNU Make 4.3
[0;32m[SUCCESS][0m 16:53:04 — Phase 1 complete — all dependencies installed

[0;35m══════════════════════════════════════════════════════════════[0m
[0;35m  PHASE: PHASE 2: Preparing Linux 6.9.0 Source[0m
[0;35m══════════════════════════════════════════════════════════════[0m

[0;32m[INFO][0m    16:53:04 — Extracting linux-6.9.0.tar.xz...
tar: This does not look like a tar archive
xz: (stdin): File format not recognized
tar: Child returned status 1
tar: Error is not recoverable: exiting now
[0;31m[ERROR][0m   16:53:04 — Extraction failed - check if file exists
[0;31m[ERROR][0m   16:53:04 — Build failed with exit code 1
[0;31m[ERROR][0m   16:53:04 — Check log: /home/rain/Downloads/Ravager v1.3/ravager-v1.3/logs/build-20260418-165259.log
[0;31m[ERROR][0m   16:53:04 — Last 20 lines of build output:
